<?xml version="1.0" encoding="UTF-8" ?>
<testsuite tests="2" failures="2" name="TestSuite" time="56.93" errors="0" skipped="0">
  <properties>
    <property name="java.runtime.name" value="Java(TM) SE Runtime Environment"/>
    <property name="sun.boot.library.path" value="C:\Program Files\Java\jdk1.8.0_211\jre\bin"/>
    <property name="java.vm.version" value="25.211-b12"/>
    <property name="java.vm.vendor" value="Oracle Corporation"/>
    <property name="maven.multiModuleProjectDirectory" value="E:\Eclipse workspace\TajawalBDDPOMTestNGFramework"/>
    <property name="java.vendor.url" value="http://java.oracle.com/"/>
    <property name="path.separator" value=";"/>
    <property name="guice.disable.misplaced.annotation.check" value="true"/>
    <property name="java.vm.name" value="Java HotSpot(TM) 64-Bit Server VM"/>
    <property name="file.encoding.pkg" value="sun.io"/>
    <property name="user.script" value=""/>
    <property name="user.country" value="US"/>
    <property name="sun.java.launcher" value="SUN_STANDARD"/>
    <property name="sun.os.patch.level" value=""/>
    <property name="java.vm.specification.name" value="Java Virtual Machine Specification"/>
    <property name="user.dir" value="E:\Eclipse workspace\TajawalBDDPOMTestNGFramework"/>
    <property name="java.runtime.version" value="1.8.0_211-b12"/>
    <property name="java.awt.graphicsenv" value="sun.awt.Win32GraphicsEnvironment"/>
    <property name="java.endorsed.dirs" value="C:\Program Files\Java\jdk1.8.0_211\jre\lib\endorsed"/>
    <property name="os.arch" value="amd64"/>
    <property name="java.io.tmpdir" value="C:\Users\Rekha\AppData\Local\Temp\"/>
    <property name="line.separator" value="
"/>
    <property name="java.vm.specification.vendor" value="Oracle Corporation"/>
    <property name="user.variant" value=""/>
    <property name="os.name" value="Windows 10"/>
    <property name="classworlds.conf" value="E:\Eclipse workspace\.metadata\.plugins\org.eclipse.m2e.launching\launches\m2conf3943353489654202702.tmp"/>
    <property name="sun.jnu.encoding" value="Cp1252"/>
    <property name="java.library.path" value="C:\Program Files\Java\jdk1.8.0_211\bin;C:\WINDOWS\Sun\Java\bin;C:\WINDOWS\system32;C:\WINDOWS;C:/Program Files/Java/jre1.8.0_211/bin/server;C:/Program Files/Java/jre1.8.0_211/bin;C:/Program Files/Java/jre1.8.0_211/lib/amd64;C:\Program Files (x86)\Common Files\Oracle\Java\javapath;C:\Program Files (x86)\Intel\iCLS Client\;C:\Program Files\Intel\iCLS Client\;C:\Windows\system32;C:\Windows;C:\Windows\System32\Wbem;C:\Windows\System32\WindowsPowerShell\v1.0\;C:\Program Files (x86)\NVIDIA Corporation\PhysX\Common;C:\Program Files (x86)\Intel\Intel(R) Management Engine Components\DAL;C:\Program Files\Intel\Intel(R) Management Engine Components\DAL;C:\Program Files (x86)\Intel\Intel(R) Management Engine Components\IPT;C:\Program Files\Intel\Intel(R) Management Engine Components\IPT;C:\WINDOWS\system32;C:\WINDOWS;C:\WINDOWS\System32\Wbem;C:\WINDOWS\System32\WindowsPowerShell\v1.0\;%JAVA_HOME%\bin;C:\WINDOWS\System32\OpenSSH\;C:\Users\Rekha\AppData\Local\Microsoft\WindowsApps;C:\Program Files\Java\jdk1.8.0_211\bin;C:\Program Files\Java\jdk1.8.0_211\lib;;C:\Users\Rekha\Desktop;;."/>
    <property name="java.specification.name" value="Java Platform API Specification"/>
    <property name="java.class.version" value="52.0"/>
    <property name="sun.management.compiler" value="HotSpot 64-Bit Tiered Compilers"/>
    <property name="os.version" value="10.0"/>
    <property name="user.home" value="C:\Users\Rekha"/>
    <property name="user.timezone" value="Asia/Muscat"/>
    <property name="java.awt.printerjob" value="sun.awt.windows.WPrinterJob"/>
    <property name="java.specification.version" value="1.8"/>
    <property name="file.encoding" value="Cp1252"/>
    <property name="user.name" value="Rekha"/>
    <property name="java.class.path" value="C:\Users\Rekha\.p2\pool\plugins\org.eclipse.m2e.maven.runtime_1.11.0.20190220-2117\jars\plexus-classworlds-2.5.2.jar"/>
    <property name="java.vm.specification.version" value="1.8"/>
    <property name="sun.arch.data.model" value="64"/>
    <property name="java.home" value="C:\Program Files\Java\jdk1.8.0_211\jre"/>
    <property name="sun.java.command" value="org.codehaus.plexus.classworlds.launcher.Launcher -B install"/>
    <property name="java.specification.vendor" value="Oracle Corporation"/>
    <property name="user.language" value="en"/>
    <property name="awt.toolkit" value="sun.awt.windows.WToolkit"/>
    <property name="java.vm.info" value="mixed mode"/>
    <property name="java.version" value="1.8.0_211"/>
    <property name="java.ext.dirs" value="C:\Program Files\Java\jdk1.8.0_211\jre\lib\ext;C:\WINDOWS\Sun\Java\lib\ext"/>
    <property name="sun.boot.class.path" value="C:\Program Files\Java\jdk1.8.0_211\jre\lib\resources.jar;C:\Program Files\Java\jdk1.8.0_211\jre\lib\rt.jar;C:\Program Files\Java\jdk1.8.0_211\jre\lib\sunrsasign.jar;C:\Program Files\Java\jdk1.8.0_211\jre\lib\jsse.jar;C:\Program Files\Java\jdk1.8.0_211\jre\lib\jce.jar;C:\Program Files\Java\jdk1.8.0_211\jre\lib\charsets.jar;C:\Program Files\Java\jdk1.8.0_211\jre\lib\jfr.jar;C:\Program Files\Java\jdk1.8.0_211\jre\classes"/>
    <property name="java.vendor" value="Oracle Corporation"/>
    <property name="maven.home" value="E:\Eclipse workspace\TajawalBDDPOMTestNGFramework\EMBEDDED"/>
    <property name="file.separator" value="\"/>
    <property name="java.vendor.url.bug" value="http://bugreport.sun.com/bugreport/"/>
    <property name="sun.cpu.endian" value="little"/>
    <property name="sun.io.unicode.encoding" value="UnicodeLittle"/>
    <property name="sun.desktop" value="windows"/>
    <property name="sun.cpu.isalist" value="amd64"/>
  </properties>
  <testcase classname="ae.tajawal.flightbooking.runner.TestRunne" name="feature" time="24.019">
    <failure message="java.lang.NullPointerException" type="cucumber.runtime.CucumberException">cucumber.runtime.CucumberException: java.lang.NullPointerException
	at cucumber.api.testng.TestNGCucumberRunner.runCucumber(TestNGCucumberRunner.java:69)
	at ae.tajawal.flightbooking.runner.TestRunne.feature(TestRunne.java:34)
Caused by: java.lang.NullPointerException
	at ae.tajawal.flightbooking.stepdef.Scenario1StepDef.applyFilter(Scenario1StepDef.java:87)
	at ✽.When Apply filter result to Emirates carrier in flightSearchResult screen(./features/features/files/tajawalReservation.feature:13)
</failure>
    <system-out>Configuring TestNG with: org.apache.maven.surefire.testng.conf.TestNG652Configurator@379619aa
Feature: Tajawal Flight reservation
  This feature verifies the functionality of Tajawal Flight booking.
createNewContact method called
fetchsummary method called
executed

  @ChromeTest
  Scenario: Verify the search query data given in searchFlightdetails screen is aligned with search summary module &amp;#27;[90m# ./features/features/files/tajawalReservation.feature:5&amp;#27;[0m
    &amp;#27;[32mGiven &amp;#27;[0m&amp;#27;[32mSearch input details should be entered in searchFlightdetails page&amp;#27;[0m                                       &amp;#27;[90m# Scenario1StepDef.enterFlightInputDetails()&amp;#27;[0m
    &amp;#27;[32mWhen &amp;#27;[0m&amp;#27;[32mClick on Search Flights button in searchFlightdetails page&amp;#27;[0m                                                &amp;#27;[90m# Scenario1StepDef.clickSearchButton()&amp;#27;[0m
    &amp;#27;[32mThen &amp;#27;[0m&amp;#27;[32mSearch summary module should be displayed as per the search query data&amp;#27;[0m                                    &amp;#27;[90m# Scenario1StepDef.verifySearchResult()&amp;#27;[0m
tajawal | Online Booking for Cheap Flights &amp; Airline Tickets

  @ChromeTest
  Scenario: Verify the listing results should be filtered only with the selected carrier                &amp;#27;[90m# ./features/features/files/tajawalReservation.feature:11&amp;#27;[0m
    &amp;#27;[32mGiven &amp;#27;[0m&amp;#27;[32mUser should be in FlightSearchResult screen&amp;#27;[0m                                                   &amp;#27;[90m# Scenario1StepDef.userScreen()&amp;#27;[0m
    &amp;#27;[31mWhen &amp;#27;[0m&amp;#27;[31mApply filter result to Emirates carrier in flightSearchResult screen&amp;#27;[0m                           &amp;#27;[90m# Scenario1StepDef.applyFilter()&amp;#27;[0m
      &amp;#27;[31mjava.lang.NullPointerException
      	at ae.tajawal.flightbooking.stepdef.Scenario1StepDef.applyFilter(Scenario1StepDef.java:87)
      	at ?.When Apply filter result to Emirates carrier in flightSearchResult screen(./features/features/files/tajawalReservation.feature:13)
      &amp;#27;[0m
    &amp;#27;[36mThen &amp;#27;[0m&amp;#27;[36mlisting results should be filtered only with the selected carrier in flightSearchResult screen&amp;#27;[0m &amp;#27;[90m# Scenario1StepDef.verifyCarrierresult()&amp;#27;[0m
tajawal | Online Booking for Cheap Flights &amp; Airline Tickets

  @ChromeTest
  Scenario: Verify the displayed cart price in Cart details page should be aligned with listing price &amp;#27;[90m# ./features/features/files/tajawalReservation.feature:17&amp;#27;[0m
    &amp;#27;[32mGiven &amp;#27;[0m&amp;#27;[32mUser should be in FlightSearchResult&amp;#27;[0m                                                        &amp;#27;[90m# Scenario1StepDef.userScreen2()&amp;#27;[0m
    &amp;#27;[31mWhen &amp;#27;[0m&amp;#27;[31mSelect random flight &amp; related price in flightSearchResult screen&amp;#27;[0m                            &amp;#27;[90m# Scenario1StepDef.selectAnyFlight()&amp;#27;[0m
      &amp;#27;[31mjava.lang.NullPointerException
      	at ae.tajawal.flightbooking.stepdef.Scenario1StepDef.selectAnyFlight(Scenario1StepDef.java:108)
      	at ?.When Select random flight &amp; related price in flightSearchResult screen(./features/features/files/tajawalReservation.feature:19)
      &amp;#27;[0m
    &amp;#27;[36mThen &amp;#27;[0m&amp;#27;[36mthe displayed cart price in Cart details page should be aligned with listing price&amp;#27;[0m           &amp;#27;[90m# Scenario1StepDef.verifyCartPrice()&amp;#27;[0m
tajawal | Online Booking for Cheap Flights &amp; Airline Tickets

  @ChromeTest
  Scenario: Verify the User should able to enter the travelers details in the details page and captured the screenshot &amp;#27;[90m# ./features/features/files/tajawalReservation.feature:23&amp;#27;[0m
    &amp;#27;[32mGiven &amp;#27;[0m&amp;#27;[32mUser should be in Cart page&amp;#27;[0m                                                                                  &amp;#27;[90m# Scenario1StepDef.userPage()&amp;#27;[0m
    &amp;#27;[31mWhen &amp;#27;[0m&amp;#27;[31mUser enter the travelers details in the details page&amp;#27;[0m                                                          &amp;#27;[90m# Scenario1StepDef.TravellerdetailsFill()&amp;#27;[0m
      &amp;#27;[31mjava.lang.NullPointerException
      	at ae.tajawal.flightbooking.stepdef.Scenario1StepDef.TravellerdetailsFill(Scenario1StepDef.java:136)
      	at ?.When User enter the travelers details in the details page(./features/features/files/tajawalReservation.feature:25)
      &amp;#27;[0m
    &amp;#27;[36mThen &amp;#27;[0m&amp;#27;[36mScreenshot should be taken at last page&amp;#27;[0m                                                                       &amp;#27;[90m# Scenario1StepDef.TakeScreenshot()&amp;#27;[0m
</system-out>
    <system-err>Starting ChromeDriver 74.0.3729.6 (255758eccf3d244491b8a1317aa76e1ce10d57e9-refs/branch-heads/3729@{#29}) on port 7279
Only local connections are allowed.
Please protect ports used by ChromeDriver and related test frameworks to prevent access by malicious code.
[1560894163.328][WARNING]: This version of ChromeDriver has not been tested with Chrome version 75.
Jun 19, 2019 1:42:44 AM org.openqa.selenium.remote.ProtocolHandshake createSession
INFO: Detected dialect: OSS
</system-err>
  </testcase>
  <testcase classname="ae.tajawal.flightbooking.runner.TestRunner" name="feature" time="32.911">
    <failure message="java.lang.NullPointerException" type="cucumber.runtime.CucumberException">cucumber.runtime.CucumberException: java.lang.NullPointerException
	at cucumber.api.testng.TestNGCucumberRunner.runCucumber(TestNGCucumberRunner.java:69)
	at ae.tajawal.flightbooking.runner.TestRunner.feature(TestRunner.java:34)
Caused by: java.lang.NullPointerException
	at ae.tajawal.flightbooking.stepdef.Scenario1StepDef2.applyFilter(Scenario1StepDef2.java:87)
	at ✽.When Apply filter result to Emirates carrier in flightSearchResult screen_F(./features/features/files/tajawalReservation.feature:43)
</failure>
    <system-out>
4 Scenarios (&amp;#27;[31m3 failed&amp;#27;[0m, &amp;#27;[32m1 passed&amp;#27;[0m)
12 Steps (&amp;#27;[31m3 failed&amp;#27;[0m, &amp;#27;[36m3 skipped&amp;#27;[0m, &amp;#27;[32m6 passed&amp;#27;[0m)
0m23.974s

java.lang.NullPointerException
	at ae.tajawal.flightbooking.stepdef.Scenario1StepDef.applyFilter(Scenario1StepDef.java:87)
	at ?.When Apply filter result to Emirates carrier in flightSearchResult screen(./features/features/files/tajawalReservation.feature:13)

java.lang.NullPointerException
	at ae.tajawal.flightbooking.stepdef.Scenario1StepDef.selectAnyFlight(Scenario1StepDef.java:108)
	at ?.When Select random flight &amp; related price in flightSearchResult screen(./features/features/files/tajawalReservation.feature:19)

java.lang.NullPointerException
	at ae.tajawal.flightbooking.stepdef.Scenario1StepDef.TravellerdetailsFill(Scenario1StepDef.java:136)
	at ?.When User enter the travelers details in the details page(./features/features/files/tajawalReservation.feature:25)

Feature: Tajawal Flight reservation
  This feature verifies the functionality of Tajawal Flight booking.
createNewContact method called
fetchsummary method called
executed

  #Scenario: Verify the first price INTs are the lowest comparing to other prices
  #Given Any search input details should be entered in searchFlightdetails screen
  #And Click on Search Flights button
  #When Sort the price from low to High in FlightsSearchResult
  #Then The first price INTS displayed in listing price should be the lowest comparing to other prices
  @FirefoxTest
  Scenario: Verify the search query data given in searchFlightdetails screen is aligned with search summary module_F &amp;#27;[90m# ./features/features/files/tajawalReservation.feature:35&amp;#27;[0m
    &amp;#27;[32mGiven &amp;#27;[0m&amp;#27;[32mSearch input details should be entered in searchFlightdetails page_F&amp;#27;[0m                                       &amp;#27;[90m# Scenario1StepDef2.enterFlightInputDetails()&amp;#27;[0m
    &amp;#27;[32mWhen &amp;#27;[0m&amp;#27;[32mClick on Search Flights button in searchFlightdetails page_F&amp;#27;[0m                                                &amp;#27;[90m# Scenario1StepDef2.clickSearchButton()&amp;#27;[0m
    &amp;#27;[32mThen &amp;#27;[0m&amp;#27;[32mSearch summary module should be displayed as per the search query data_F&amp;#27;[0m                                    &amp;#27;[90m# Scenario1StepDef2.verifySearchResult()&amp;#27;[0m
tajawal | Online Booking for Cheap Flights &amp; Airline Tickets

  @FirefoxTest
  Scenario: Verify the listing results should be filtered only with the selected carrier_F                &amp;#27;[90m# ./features/features/files/tajawalReservation.feature:41&amp;#27;[0m
    &amp;#27;[32mGiven &amp;#27;[0m&amp;#27;[32mUser should be in FlightSearchResult screen_F&amp;#27;[0m                                                   &amp;#27;[90m# Scenario1StepDef2.userScreen()&amp;#27;[0m
    &amp;#27;[31mWhen &amp;#27;[0m&amp;#27;[31mApply filter result to Emirates carrier in flightSearchResult screen_F&amp;#27;[0m                           &amp;#27;[90m# Scenario1StepDef2.applyFilter()&amp;#27;[0m
      &amp;#27;[31mjava.lang.NullPointerException
      	at ae.tajawal.flightbooking.stepdef.Scenario1StepDef2.applyFilter(Scenario1StepDef2.java:87)
      	at ?.When Apply filter result to Emirates carrier in flightSearchResult screen_F(./features/features/files/tajawalReservation.feature:43)
      &amp;#27;[0m
    &amp;#27;[36mThen &amp;#27;[0m&amp;#27;[36mlisting results should be filtered only with the selected carrier in flightSearchResult screen_F&amp;#27;[0m &amp;#27;[90m# Scenario1StepDef2.verifyCarrierresult()&amp;#27;[0m
tajawal | Online Booking for Cheap Flights &amp; Airline Tickets

  @FirefoxTest
  Scenario: Verify the displayed cart price in Cart details page should be aligned with listing price_F &amp;#27;[90m# ./features/features/files/tajawalReservation.feature:47&amp;#27;[0m
    &amp;#27;[32mGiven &amp;#27;[0m&amp;#27;[32mUser should be in FlightSearchResult_F&amp;#27;[0m                                                        &amp;#27;[90m# Scenario1StepDef2.userScreen2()&amp;#27;[0m
    &amp;#27;[31mWhen &amp;#27;[0m&amp;#27;[31mSelect random flight &amp; related price in flightSearchResult screen_F&amp;#27;[0m                            &amp;#27;[90m# Scenario1StepDef2.selectAnyFlight()&amp;#27;[0m
      &amp;#27;[31mjava.lang.NullPointerException
      	at ae.tajawal.flightbooking.stepdef.Scenario1StepDef2.selectAnyFlight(Scenario1StepDef2.java:108)
      	at ?.When Select random flight &amp; related price in flightSearchResult screen_F(./features/features/files/tajawalReservation.feature:49)
      &amp;#27;[0m
    &amp;#27;[36mThen &amp;#27;[0m&amp;#27;[36mthe displayed cart price in Cart details page should be aligned with listing price_F&amp;#27;[0m           &amp;#27;[90m# Scenario1StepDef2.verifyCartPrice()&amp;#27;[0m
tajawal | Online Booking for Cheap Flights &amp; Airline Tickets

  @FirefoxTest
  Scenario: Verify the User should able to enter the travelers details in the details page and captured the screenshot_F &amp;#27;[90m# ./features/features/files/tajawalReservation.feature:53&amp;#27;[0m
    &amp;#27;[32mGiven &amp;#27;[0m&amp;#27;[32mUser should be in Cart page_F&amp;#27;[0m                                                                                  &amp;#27;[90m# Scenario1StepDef2.userPage()&amp;#27;[0m
    &amp;#27;[31mWhen &amp;#27;[0m&amp;#27;[31mUser enter the travelers details in the details page_F&amp;#27;[0m                                                          &amp;#27;[90m# Scenario1StepDef2.TravellerdetailsFill()&amp;#27;[0m
      &amp;#27;[31mjava.lang.NullPointerException
      	at ae.tajawal.flightbooking.stepdef.Scenario1StepDef2.TravellerdetailsFill(Scenario1StepDef2.java:136)
      	at ?.When User enter the travelers details in the details page_F(./features/features/files/tajawalReservation.feature:55)
      &amp;#27;[0m
    &amp;#27;[36mThen &amp;#27;[0m&amp;#27;[36mScreenshot should be taken at last page_F&amp;#27;[0m                                                                       &amp;#27;[90m# Scenario1StepDef2.TakeScreenshot()&amp;#27;[0m
</system-out>
    <system-err>1560894186735	mozrunner::runner	INFO	Running command: &quot;C:\\Program Files\\Mozilla Firefox\\firefox.exe&quot; &quot;-marionette&quot; &quot;-foreground&quot; &quot;-no-remote&quot; &quot;-profile&quot; &quot;C:\\Users\\Rekha\\AppData\\Local\\Temp\\rust_mozprofile.9k99e3BYUO0m&quot;
1560894189569	addons.webextension.screenshots@mozilla.org	WARN	Loading extension &apos;screenshots@mozilla.org&apos;: Reading manifest: Invalid extension permission: mozillaAddons
1560894189570	addons.webextension.screenshots@mozilla.org	WARN	Loading extension &apos;screenshots@mozilla.org&apos;: Reading manifest: Invalid extension permission: resource://pdf.js/
1560894189570	addons.webextension.screenshots@mozilla.org	WARN	Loading extension &apos;screenshots@mozilla.org&apos;: Reading manifest: Invalid extension permission: about:reader*
1560894196536	Marionette	INFO	Listening on port 49957
1560894196600	Marionette	WARN	TLS certificate errors will be ignored for this session
Jun 19, 2019 1:43:16 AM org.openqa.selenium.remote.ProtocolHandshake createSession
INFO: Detected dialect: W3C
</system-err>
  </testcase>
</testsuite>