<?xml version="1.0" encoding="UTF-8"?>
<!-- Generated by org.testng.reporters.JUnitXMLReporter -->
<testsuite hostname="DESKTOP-N6I0BOF" ignored="0" name="Command line test" tests="2" failures="2" timestamp="18 Jun 2019 21:43:38 GMT" time="57.315" errors="0">
  <testcase name="feature" time="24.012" classname="ae.tajawal.flightbooking.runner.TestRunne">
    <failure type="cucumber.runtime.CucumberException" message="java.lang.NullPointerException">
      <![CDATA[cucumber.runtime.CucumberException: java.lang.NullPointerException
at cucumber.api.testng.TestNGCucumberRunner.runCucumber(TestNGCucumberRunner.java:69)
at ae.tajawal.flightbooking.runner.TestRunne.feature(TestRunne.java:34)
Caused by: java.lang.NullPointerException
at ae.tajawal.flightbooking.stepdef.Scenario1StepDef.applyFilter(Scenario1StepDef.java:87)
at ✽.When Apply filter result to Emirates carrier in flightSearchResult screen(./features/features/files/tajawalReservation.feature:13)
... Removed 35 stack frames]]>
    </failure>
  </testcase> <!-- feature -->
  <testcase name="feature" time="32.911" classname="ae.tajawal.flightbooking.runner.TestRunner">
    <failure type="cucumber.runtime.CucumberException" message="java.lang.NullPointerException">
      <![CDATA[cucumber.runtime.CucumberException: java.lang.NullPointerException
at cucumber.api.testng.TestNGCucumberRunner.runCucumber(TestNGCucumberRunner.java:69)
at ae.tajawal.flightbooking.runner.TestRunner.feature(TestRunner.java:34)
Caused by: java.lang.NullPointerException
at ae.tajawal.flightbooking.stepdef.Scenario1StepDef2.applyFilter(Scenario1StepDef2.java:87)
at ✽.When Apply filter result to Emirates carrier in flightSearchResult screen_F(./features/features/files/tajawalReservation.feature:43)
... Removed 35 stack frames]]>
    </failure>
  </testcase> <!-- feature -->
</testsuite> <!-- Command line test -->
